2025-07-23T07:31:17.986Z INFO: Server running at http://localhost:3000
2025-07-23T07:35:58.521Z POST /shorturls?create%20short%20url= 201 8ms
2025-07-23T07:38:15.716Z GET /cmd043 302 4ms
2025-07-23T07:38:33.595Z GET /cmd043?create%20short%20url= 302 3ms
2025-07-23T07:38:34.181Z GET /cmd043?create%20short%20url= 302 2ms
2025-07-23T07:38:34.424Z GET /cmd043?create%20short%20url= 302 2ms
2025-07-23T07:38:35.399Z GET /cmd043?create%20short%20url= 302 1ms
2025-07-23T07:39:57.110Z GET /cmd043?create%20short%20url= 302 3ms
2025-07-23T07:39:57.830Z GET /cmd043?create%20short%20url= 302 1ms
2025-07-23T07:40:39.483Z INFO: Server running at http://localhost:3000
2025-07-23T07:40:47.738Z GET /cmd043?create%20short%20url= 404 9ms
2025-07-23T07:40:48.293Z GET /cmd043?create%20short%20url= 404 2ms
2025-07-23T07:40:48.480Z GET /cmd043?create%20short%20url= 404 2ms
2025-07-23T07:42:21.765Z POST /shorturls?create%20short%20url= 201 2ms
2025-07-23T07:42:24.278Z GET /cmd043?create%20short%20url= 302 4ms
2025-07-23T07:42:46.890Z INFO: Server running at http://localhost:3000
2025-07-23T07:42:50.821Z GET /cmd043?create%20short%20url= 404 8ms
2025-07-23T07:42:51.371Z GET /cmd043?create%20short%20url= 404 2ms
2025-07-23T07:42:52.285Z GET /cmd043?create%20short%20url= 404 3ms
2025-07-23T07:42:52.753Z GET /cmd043?create%20short%20url= 404 1ms
2025-07-23T07:42:53.214Z GET /cmd043?create%20short%20url= 404 3ms
2025-07-23T07:42:56.516Z POST /shorturls?create%20short%20url= 201 1ms
2025-07-23T07:42:58.553Z GET /cmd043?create%20short%20url= 302 5ms
2025-07-23T07:43:57.649Z GET / 404 2ms
2025-07-23T07:43:59.513Z GET / 404 1ms
2025-07-23T07:43:59.917Z GET / 404 1ms
2025-07-23T07:44:00.100Z GET / 404 2ms
2025-07-23T07:44:00.269Z GET / 404 1ms
2025-07-23T07:44:00.438Z GET / 404 1ms
2025-07-23T07:44:00.626Z GET / 404 1ms
2025-07-23T07:44:00.799Z GET / 404 1ms
2025-07-23T07:44:00.981Z GET / 404 1ms
2025-07-23T07:44:31.349Z INFO: Server running at http://localhost:3000
2025-07-23T07:44:36.077Z GET / 404 10ms
2025-07-23T07:44:36.891Z GET / 404 2ms
2025-07-23T07:44:37.132Z GET / 404 2ms
2025-07-23T07:44:37.306Z GET / 404 1ms
2025-07-23T07:44:37.491Z GET / 404 1ms
2025-07-23T07:44:37.657Z GET / 404 1ms
2025-07-23T07:44:38.066Z GET / 404 1ms
2025-07-23T07:44:38.249Z GET / 404 1ms
2025-07-23T07:44:38.421Z GET / 404 3ms
2025-07-23T07:44:38.620Z GET / 404 1ms
2025-07-23T07:44:38.957Z GET / 404 0ms
2025-07-23T07:44:39.166Z GET / 404 1ms
2025-07-23T07:44:39.354Z GET / 404 1ms
2025-07-23T07:44:39.541Z GET / 404 1ms
